/*C4*/SET SCHEMA PUBLIC
DISCONNECT
/*C5*/SET SCHEMA PUBLIC
INSERT INTO HANGMAN VALUES(21,'flower',0,3,' l  er','erl')
COMMIT
DELETE FROM HANGMAN WHERE ID=21
COMMIT
INSERT INTO HANGMAN VALUES(22,'flower',0,5,'f     ','f')
COMMIT
DELETE FROM HANGMAN WHERE ID=22
INSERT INTO HANGMAN VALUES(22,'flower',0,5,'f     ','f')
COMMIT
DELETE FROM HANGMAN WHERE ID=22
INSERT INTO HANGMAN VALUES(22,'flower',1,5,'f     ','f')
COMMIT
DELETE FROM HANGMAN WHERE ID=22
INSERT INTO HANGMAN VALUES(22,'flower',2,5,'f     ','f')
COMMIT
DELETE FROM HANGMAN WHERE ID=22
INSERT INTO HANGMAN VALUES(22,'flower',2,4,'f o   ','fo')
COMMIT
DELETE FROM HANGMAN WHERE ID=22
INSERT INTO HANGMAN VALUES(22,'flower',2,3,'flo   ','fol')
COMMIT
DISCONNECT
